15:49:03.592 DEBUG - SimpleDTOTransformer.untransform: City[name=Lviv,district=None,region=Lv,stations=<null>,id=1,createdAt=<null>,modifiedAt=<null>,createdBy=<null>,modifiedBy=<null>] entity
15:49:54.306 DEBUG - SimpleDTOTransformer.untransform: City[name=Lviv,district=None,region=Lv,stations=<null>,id=1,createdAt=<null>,modifiedAt=<null>,createdBy=<null>,modifiedBy=<null>] entity
15:49:54.308 DEBUG - SimpleDTOTransformer.transform: CityDTO[name=Lviv,district=None,region=<null>,id=1] DTO object
15:59:12.530 DEBUG - SimpleDTOTransformer.untransform: City[name=Lviv,district=None,region=Lv,stations=<null>,id=1,createdAt=<null>,modifiedAt=<null>,createdBy=<null>,modifiedBy=<null>] entity
16:00:11.046 DEBUG - SimpleDTOTransformer.untransform: City[name=Lviv,district=None,region=Lv,stations=<null>,id=1,createdAt=<null>,modifiedAt=<null>,createdBy=<null>,modifiedBy=<null>] entity
16:00:22.037 DEBUG - SimpleDTOTransformer.untransform: City[name=Lviv,district=None,region=Lv,stations=<null>,id=1,createdAt=<null>,modifiedAt=<null>,createdBy=<null>,modifiedBy=<null>] entity
16:00:26.731 DEBUG - SimpleDTOTransformer.untransform: City[name=Lviv,district=None,region=Lv,stations=<null>,id=1,createdAt=<null>,modifiedAt=<null>,createdBy=<null>,modifiedBy=<null>] entity
16:01:20.634 DEBUG - SimpleDTOTransformer.transform: CityDTO[name=Lviv,district=None,region=Lv,id=1] DTO object
16:11:36.474 DEBUG - SimpleDTOTransformer.untransform: City[name=Lviv,district=None,region=Lv,stations=<null>,id=1,createdAt=<null>,modifiedAt=<null>,createdBy=<null>,modifiedBy=<null>] entity
16:11:36.476 DEBUG - SimpleDTOTransformer.transform: CityDTO[name=Lviv,district=None,region=Lv,id=1] DTO object
16:12:33.318 DEBUG - SimpleDTOTransformer.untransform: City[name=Lviv,district=None,region=Lv,stations=<null>,id=1,createdAt=<null>,modifiedAt=<null>,createdBy=<null>,modifiedBy=<null>] entity
16:12:33.320 DEBUG - SimpleDTOTransformer.transform: CityDTO[name=Lviv,district=None,region=Lv,id=1] DTO object
16:13:26.981 DEBUG - SimpleDTOTransformer.untransform: City[name=Lviv,district=None,region=Lv,stations=<null>,id=1,createdAt=<null>,modifiedAt=<null>,createdBy=<null>,modifiedBy=<null>] entity
16:16:24.527 DEBUG - SimpleDTOTransformer.untransform: City[name=Lviv,district=None,region=Lv,stations=<null>,id=1,createdAt=<null>,modifiedAt=<null>,createdBy=<null>,modifiedBy=<null>] entity
16:16:24.530 DEBUG - SimpleDTOTransformer.transform: CityDTO[name=Lviv,district=None,region=<null>,id=1] DTO object
16:19:23.058 DEBUG - SimpleDTOTransformer.untransform: City[name=Lviv,district=None,region=Lv,stations=<null>,id=1,createdAt=<null>,modifiedAt=<null>,createdBy=<null>,modifiedBy=<null>] entity
16:19:23.061 DEBUG - SimpleDTOTransformer.transform: CityDTO[name=Lviv,district=None,region=<null>,id=1] DTO object
16:19:41.791 DEBUG - SimpleDTOTransformer.untransform: City[name=Lviv,district=None,region=Lv,stations=<null>,id=1,createdAt=<null>,modifiedAt=<null>,createdBy=<null>,modifiedBy=<null>] entity
16:19:41.793 DEBUG - SimpleDTOTransformer.transform: CityDTO[name=Lviv,district=None,region=<null>,id=1] DTO object
16:20:33.842 DEBUG - SimpleDTOTransformer.untransform: City[name=Lviv,district=None,region=Lv,stations=<null>,id=1,createdAt=<null>,modifiedAt=<null>,createdBy=<null>,modifiedBy=<null>] entity
16:20:33.844 DEBUG - SimpleDTOTransformer.transform: CityDTO[name=Lviv,district=None,region=<null>,id=1] DTO object
16:20:57.569 DEBUG - SimpleDTOTransformer.untransform: City[name=Lviv,district=None,region=Lv,stations=<null>,id=1,createdAt=<null>,modifiedAt=<null>,createdBy=<null>,modifiedBy=<null>] entity
16:20:57.572 DEBUG - SimpleDTOTransformer.transform: CityDTO[name=Lviv,district=None,region=<null>,id=1] DTO object
16:21:24.603 DEBUG - SimpleDTOTransformer.untransform: City[name=Lviv,district=None,region=Lv,stations=<null>,id=1,createdAt=<null>,modifiedAt=<null>,createdBy=<null>,modifiedBy=<null>] entity
16:21:24.605 DEBUG - SimpleDTOTransformer.transform: CityDTO[name=Lviv,district=None,region=<null>,id=1] DTO object
16:21:53.620 DEBUG - SimpleDTOTransformer.untransform: City[name=Lviv,district=None,region=Lv,stations=<null>,id=1,createdAt=<null>,modifiedAt=<null>,createdBy=<null>,modifiedBy=<null>] entity
16:21:53.622 DEBUG - SimpleDTOTransformer.transform: CityDTO[name=Lviv,district=None,region=<null>,id=1] DTO object
16:22:07.445 DEBUG - SimpleDTOTransformer.untransform: City[name=Lviv,district=None,region=Lv,stations=<null>,id=1,createdAt=<null>,modifiedAt=<null>,createdBy=<null>,modifiedBy=<null>] entity
16:22:07.447 DEBUG - SimpleDTOTransformer.transform: CityDTO[name=Lviv,district=None,region=<null>,id=1] DTO object
16:23:14.249 DEBUG - SimpleDTOTransformer.untransform: City[name=Lviv,district=None,region=Lv,stations=<null>,id=1,createdAt=<null>,modifiedAt=<null>,createdBy=<null>,modifiedBy=<null>] entity
16:23:14.250 DEBUG - SimpleDTOTransformer.transform: CityDTO[name=Lviv,district=None,region=<null>,id=1] DTO object
19:35:57.696 DEBUG - SimpleDTOTransformer.untransform: City[name=Lviv,district=None,region=Lv,stations=<null>,id=1,createdAt=<null>,modifiedAt=<null>,createdBy=<null>,modifiedBy=<null>] entity
19:35:57.696 DEBUG - SimpleDTOTransformer.transform: CityDTO[name=Lviv,district=None,region=<null>,id=1] DTO object
19:37:41.901 DEBUG - SimpleDTOTransformer.untransform: City[name=Lviv,district=None,region=Lv,stations=<null>,id=1,createdAt=<null>,modifiedAt=<null>,createdBy=<null>,modifiedBy=<null>] entity
19:37:41.917 DEBUG - SimpleDTOTransformer.transform: CityDTO[name=Lviv,district=None,region=<null>,id=1] DTO object
19:51:54.974 DEBUG - SimpleDTOTransformer.untransform: City[name=Lviv,district=None,region=Lv,stations=<null>,id=1,createdAt=<null>,modifiedAt=<null>,createdBy=<null>,modifiedBy=<null>] entity
19:51:54.974 DEBUG - SimpleDTOTransformer.transform: CityDTO[name=Lviv,district=None,region=<null>,id=1] DTO object
19:55:20.538 DEBUG - SimpleDTOTransformer.untransform: City[name=Lviv,district=None,region=Lv,stations=<null>,id=1,createdAt=<null>,modifiedAt=<null>,createdBy=<null>,modifiedBy=<null>] entity
19:55:20.538 DEBUG - SimpleDTOTransformer.transform: CityDTO[name=Lviv,district=None,region=<null>,id=1] DTO object
19:58:46.795 DEBUG - SimpleDTOTransformer.untransform: City[name=Lviv,district=None,region=Lv,stations=<null>,id=1,createdAt=<null>,modifiedAt=<null>,createdBy=<null>,modifiedBy=<null>] entity
19:58:46.795 DEBUG - SimpleDTOTransformer.transform: CityDTO[name=Lviv,district=None,region=<null>,id=1] DTO object
19:59:26.415 DEBUG - SimpleDTOTransformer.untransform: City[name=Lviv,district=None,region=Lv,stations=<null>,id=1,createdAt=<null>,modifiedAt=<null>,createdBy=<null>,modifiedBy=<null>] entity
19:59:26.415 DEBUG - SimpleDTOTransformer.transform: CityDTO[name=Lviv,district=None,region=<null>,id=1] DTO object
12:02:19.386 DEBUG - SimpleDTOTransformer.untransform: City[name=Lviv,district=None,region=Lv,stations=<null>,id=1,createdAt=<null>,modifiedAt=<null>,createdBy=<null>,modifiedBy=<null>] entity
12:02:19.467 DEBUG - SimpleDTOTransformer.transform: CityDTO[name=Lviv,district=None,region=<null>,id=1] DTO object
12:02:23.119 DEBUG - SimpleDTOTransformer.untransform: City[name=Lviv,district=None,region=Lv,stations=<null>,id=1,createdAt=<null>,modifiedAt=<null>,createdBy=<null>,modifiedBy=<null>] entity
12:02:23.122 DEBUG - SimpleDTOTransformer.transform: CityDTO[name=Lviv,district=None,region=<null>,id=1] DTO object
14:00:16.532 DEBUG - SimpleDTOTransformer.untransform: City[name=Lviv,district=None,region=Lv,stations=<null>,id=1,createdAt=<null>,modifiedAt=<null>,createdBy=<null>,modifiedBy=<null>] entity
14:00:16.566 DEBUG - SimpleDTOTransformer.transform: CityDTO[name=Lviv,district=None,region=<null>,id=1] DTO object
16:05:08.793 DEBUG - SimpleDTOTransformer.untransform: City[name=Lviv,district=None,region=Lv,stations=<null>,id=1,createdAt=<null>,modifiedAt=<null>,createdBy=<null>,modifiedBy=<null>] entity
16:05:08.793 DEBUG - SimpleDTOTransformer.transform: CityDTO[name=Lviv,district=None,region=<null>,id=1] DTO object
16:40:34.228 DEBUG - SimpleDTOTransformer.untransform: City[name=Lviv,district=None,region=Lv,stations=<null>,id=1,createdAt=<null>,modifiedAt=<null>,createdBy=<null>,modifiedBy=<null>] entity
16:40:34.228 DEBUG - SimpleDTOTransformer.transform: CityDTO[name=Lviv,district=None,region=<null>,id=1] DTO object
16:41:01.669 DEBUG - SimpleDTOTransformer.untransform: City[name=Lviv,district=None,region=Lv,stations=<null>,id=1,createdAt=<null>,modifiedAt=<null>,createdBy=<null>,modifiedBy=<null>] entity
16:41:01.673 DEBUG - SimpleDTOTransformer.transform: CityDTO[name=Lviv,district=None,region=<null>,id=1] DTO object
18:08:55.714 DEBUG - SimpleDTOTransformer.untransform: City[name=Kiev,district=<null>,region=<null>,stations=<null>,id=0,createdAt=<null>,modifiedAt=<null>,createdBy=<null>,modifiedBy=<null>] entity
18:09:33.174 DEBUG - SimpleDTOTransformer.untransform: City[name=Lviv,district=None,region=Lv,stations=<null>,id=1,createdAt=<null>,modifiedAt=<null>,createdBy=<null>,modifiedBy=<null>] entity
18:09:33.174 DEBUG - SimpleDTOTransformer.transform: CityDTO[name=Lviv,district=None,region=<null>,id=1] DTO object
18:09:34.243 DEBUG - SimpleDTOTransformer.untransform: City[name=Kiev,district=<null>,region=<null>,stations=<null>,id=0,createdAt=<null>,modifiedAt=<null>,createdBy=<null>,modifiedBy=<null>] entity
18:09:34.309 DEBUG - SimpleDTOTransformer.transform: CityDTO[name=Lviv,district=<null>,region=<null>,id=0] DTO object
18:29:30.677 DEBUG - SimpleDTOTransformer.untransform: City[name=Kiev,district=<null>,region=<null>,stations=<null>,id=0,createdAt=<null>,modifiedAt=<null>,createdBy=<null>,modifiedBy=<null>] entity
18:29:51.927 DEBUG - SimpleDTOTransformer.untransform: City[name=Kiev,district=<null>,region=<null>,stations=<null>,id=0,createdAt=<null>,modifiedAt=<null>,createdBy=<null>,modifiedBy=<null>] entity
18:30:23.315 DEBUG - SimpleDTOTransformer.untransform: City[name=Kiev,district=<null>,region=<null>,stations=<null>,id=0,createdAt=<null>,modifiedAt=<null>,createdBy=<null>,modifiedBy=<null>] entity
18:32:52.641 DEBUG - SimpleDTOTransformer.untransform: City[name=Kiev,district=<null>,region=<null>,stations=<null>,id=0,createdAt=<null>,modifiedAt=<null>,createdBy=<null>,modifiedBy=<null>] entity
18:32:58.371 DEBUG - SimpleDTOTransformer.transform: CityDTO[name=Lviv,district=<null>,region=<null>,id=0] DTO object
18:40:54.662 DEBUG - SimpleDTOTransformer.untransform: City[name=Kiev,district=<null>,region=<null>,stations=<null>,id=0,createdAt=<null>,modifiedAt=<null>,createdBy=<null>,modifiedBy=<null>] entity
18:41:21.715 DEBUG - SimpleDTOTransformer.untransform: City[name=Kiev,district=<null>,region=<null>,stations=<null>,id=0,createdAt=<null>,modifiedAt=<null>,createdBy=<null>,modifiedBy=<null>] entity
18:41:31.158 DEBUG - SimpleDTOTransformer.transform: CityDTO[name=Lviv,district=<null>,region=<null>,id=1] DTO object
18:43:04.554 DEBUG - SimpleDTOTransformer.transform: CityDTO[name=Lviv,district=<null>,region=<null>,id=1] DTO object
19:05:34.547 DEBUG - SimpleDTOTransformer.untransform: City[name=Kiev,district=<null>,region=<null>,stations=<null>,id=0,createdAt=<null>,modifiedAt=<null>,createdBy=<null>,modifiedBy=<null>] entity
19:10:54.167 DEBUG - SimpleDTOTransformer.untransform: City[name=Kiev,district=<null>,region=<null>,stations=<null>,id=0,createdAt=<null>,modifiedAt=<null>,createdBy=<null>,modifiedBy=<null>] entity
19:52:05.541 DEBUG - SimpleDTOTransformer.untransform: City[name=Lviv,district=None,region=Lv,stations=<null>,id=1,createdAt=<null>,modifiedAt=<null>,createdBy=<null>,modifiedBy=<null>] entity
19:52:05.541 DEBUG - SimpleDTOTransformer.transform: CityDTO[name=Lviv,district=None,region=<null>,id=1] DTO object
11:31:14.845 DEBUG - SimpleDTOTransformer.untransform: City[name=Kiev,district=<null>,region=<null>,stations=<null>,id=0,createdAt=<null>,modifiedAt=<null>,createdBy=<null>,modifiedBy=<null>] entity
11:31:14.925 DEBUG - SimpleDTOTransformer.transform: CityDTO[name=Lviv,district=<null>,region=<null>,id=1] DTO object
11:31:15.034 DEBUG - SimpleDTOTransformer.transform: CityDTO[name=Lviv,district=<null>,region=<null>,id=1] DTO object
11:31:15.050 DEBUG - SimpleDTOTransformer.untransform: City[name=Lviv,district=None,region=Lv,stations=<null>,id=1,createdAt=<null>,modifiedAt=<null>,createdBy=<null>,modifiedBy=<null>] entity
11:31:15.050 DEBUG - SimpleDTOTransformer.transform: CityDTO[name=Lviv,district=None,region=<null>,id=1] DTO object
11:32:20.705 DEBUG - SimpleDTOTransformer.untransform: City[name=Kiev,district=<null>,region=<null>,stations=<null>,id=0,createdAt=<null>,modifiedAt=<null>,createdBy=<null>,modifiedBy=<null>] entity
11:32:20.799 DEBUG - SimpleDTOTransformer.transform: CityDTO[name=Lviv,district=<null>,region=<null>,id=1] DTO object
11:32:20.868 DEBUG - SimpleDTOTransformer.transform: CityDTO[name=Lviv,district=<null>,region=<null>,id=1] DTO object
11:32:20.882 DEBUG - SimpleDTOTransformer.untransform: City[name=Lviv,district=None,region=Lv,stations=<null>,id=1,createdAt=<null>,modifiedAt=<null>,createdBy=<null>,modifiedBy=<null>] entity
11:32:20.883 DEBUG - SimpleDTOTransformer.transform: CityDTO[name=Lviv,district=None,region=<null>,id=1] DTO object
11:32:47.017 DEBUG - SimpleDTOTransformer.untransform: City[name=Kiev,district=<null>,region=<null>,stations=<null>,id=0,createdAt=<null>,modifiedAt=<null>,createdBy=<null>,modifiedBy=<null>] entity
12:50:45.353 DEBUG - SimpleDTOTransformer.untransform: City[name=Kiev,district=<null>,region=<null>,stations=<null>,id=0,createdAt=<null>,modifiedAt=<null>,createdBy=<null>,modifiedBy=<null>] entity
13:04:06.283 DEBUG - SimpleDTOTransformer.untransform: City[name=Kiev,district=<null>,region=<null>,stations=<null>,id=0,createdAt=<null>,modifiedAt=<null>,createdBy=<null>,modifiedBy=<null>] entity
15:36:02.420 DEBUG - SimpleDTOTransformer.untransform: City[name=Kiev,district=<null>,region=<null>,stations=<null>,id=0,createdAt=<null>,modifiedAt=<null>,createdBy=<null>,modifiedBy=<null>] entity
15:47:58.113 DEBUG - SimpleDTOTransformer.untransform: City[name=Lviv,district=None,region=Lv,stations=<null>,id=1,createdAt=<null>,modifiedAt=<null>,createdBy=<null>,modifiedBy=<null>] entity
15:47:58.113 DEBUG - SimpleDTOTransformer.transform: CityDTO[name=Lviv,district=None,region=<null>,id=1] DTO object
15:47:59.169 DEBUG - SimpleDTOTransformer.untransform: City[name=Kiev,district=<null>,region=<null>,stations=<null>,id=0,createdAt=<null>,modifiedAt=<null>,createdBy=<null>,modifiedBy=<null>] entity
15:47:59.227 DEBUG - SimpleDTOTransformer.transform: CityDTO[name=Lviv,district=<null>,region=<null>,id=1] DTO object
15:47:59.321 DEBUG - SimpleDTOTransformer.transform: CityDTO[name=Lviv,district=<null>,region=<null>,id=1] DTO object
15:48:41.170 DEBUG - SimpleDTOTransformer.untransform: City[name=Lviv,district=None,region=Lv,stations=<null>,id=1,createdAt=<null>,modifiedAt=<null>,createdBy=<null>,modifiedBy=<null>] entity
15:48:41.170 DEBUG - SimpleDTOTransformer.transform: CityDTO[name=Lviv,district=None,region=<null>,id=1] DTO object
15:48:42.206 DEBUG - SimpleDTOTransformer.untransform: City[name=Kiev,district=<null>,region=<null>,stations=<null>,id=0,createdAt=<null>,modifiedAt=<null>,createdBy=<null>,modifiedBy=<null>] entity
15:48:42.257 DEBUG - SimpleDTOTransformer.transform: CityDTO[name=Lviv,district=<null>,region=<null>,id=1] DTO object
15:48:42.336 DEBUG - SimpleDTOTransformer.transform: CityDTO[name=Lviv,district=<null>,region=<null>,id=1] DTO object
15:49:28.718 DEBUG - SimpleDTOTransformer.untransform: City[name=Kiev,district=<null>,region=<null>,stations=<null>,id=0,createdAt=<null>,modifiedAt=<null>,createdBy=<null>,modifiedBy=<null>] entity
15:49:28.775 DEBUG - SimpleDTOTransformer.transform: CityDTO[name=Lviv,district=<null>,region=<null>,id=1] DTO object
15:49:28.853 DEBUG - SimpleDTOTransformer.transform: CityDTO[name=Lviv,district=<null>,region=<null>,id=1] DTO object
15:49:28.853 DEBUG - SimpleDTOTransformer.untransform: City[name=Lviv,district=None,region=Lv,stations=<null>,id=1,createdAt=<null>,modifiedAt=<null>,createdBy=<null>,modifiedBy=<null>] entity
15:49:28.853 DEBUG - SimpleDTOTransformer.transform: CityDTO[name=Lviv,district=None,region=<null>,id=1] DTO object
15:50:06.574 DEBUG - SimpleDTOTransformer.untransform: City[name=Kiev,district=<null>,region=<null>,stations=<null>,id=0,createdAt=<null>,modifiedAt=<null>,createdBy=<null>,modifiedBy=<null>] entity
15:50:06.652 DEBUG - SimpleDTOTransformer.transform: CityDTO[name=Lviv,district=<null>,region=<null>,id=1] DTO object
15:50:06.714 DEBUG - SimpleDTOTransformer.transform: CityDTO[name=Lviv,district=<null>,region=<null>,id=1] DTO object
15:50:06.730 DEBUG - SimpleDTOTransformer.untransform: City[name=Lviv,district=None,region=Lv,stations=<null>,id=1,createdAt=<null>,modifiedAt=<null>,createdBy=<null>,modifiedBy=<null>] entity
15:50:06.730 DEBUG - SimpleDTOTransformer.transform: CityDTO[name=Lviv,district=None,region=<null>,id=1] DTO object
